<?xml version="1.0" encoding="utf-8"?><testsuites name="pytest tests"><testsuite name="pytest" errors="0" failures="0" skipped="0" tests="16" time="4.776" timestamp="2026-05-01T22:19:40.394062+00:00" hostname="agent-env-d168efa5-18f0-47c3-8e38-068a4e8570ba"><testcase classname="backend.tests.test_hardening.TestHealth" name="test_health_full_structure" time="0.173" /><testcase classname="backend.tests.test_hardening.TestAdminAuth" name="test_no_auth_returns_401" time="0.112" /><testcase classname="backend.tests.test_hardening.TestAdminAuth" name="test_wrong_token_returns_401" time="0.115" /><testcase classname="backend.tests.test_hardening.TestAdminAuth" name="test_correct_token_returns_200_and_list" time="0.117" /><testcase classname="backend.tests.test_hardening.TestDocsDisabled" name="test_docs_route_disabled[/docs]" time="0.221" /><testcase classname="backend.tests.test_hardening.TestDocsDisabled" name="test_docs_route_disabled[/redoc]" time="0.175" /><testcase classname="backend.tests.test_hardening.TestDocsDisabled" name="test_docs_route_disabled[/openapi.json]" time="0.349" /><testcase classname="backend.tests.test_hardening.TestCORS" name="test_allowed_origin_echoed" time="0.002" /><testcase classname="backend.tests.test_hardening.TestCORS" name="test_disallowed_origin_not_echoed" time="0.001" /><testcase classname="backend.tests.test_hardening.TestHappyPathPersistence" name="test_lead_persisted_with_full_metadata" time="1.388" /><testcase classname="backend.tests.test_hardening.TestHoneypotRateLimitRollback" name="test_honeypot_does_not_consume_rate_limit" time="0.630" /><testcase classname="backend.tests.test_hardening.TestValidation" name="test_short_message_returns_422" time="0.100" /><testcase classname="backend.tests.test_hardening.TestValidation" name="test_invalid_email_returns_422" time="0.106" /><testcase classname="backend.tests.test_hardening.TestValidation" name="test_missing_name_returns_422" time="0.124" /><testcase classname="backend.tests.test_hardening.TestRateLimitFreshIP" name="test_rate_limit_after_three_valid" time="1.017" /><testcase classname="backend.tests.test_hardening.TestMongoIndexes" name="test_contact_leads_indexes_present" time="0.005" /></testsuite></testsuites>