<?xml version="1.0" encoding="utf-8"?><testsuites name="pytest tests"><testsuite name="pytest" errors="0" failures="0" skipped="0" tests="6" time="3.075" timestamp="2026-05-01T21:04:37.092049+00:00" hostname="agent-env-d168efa5-18f0-47c3-8e38-068a4e8570ba"><testcase classname="backend.tests.test_contact_api.TestHealth" name="test_health_ok" time="0.171" /><testcase classname="backend.tests.test_contact_api.TestContactHappyPath" name="test_post_contact_success_persists_and_emails" time="1.485" /><testcase classname="backend.tests.test_contact_api.TestContactValidation" name="test_empty_name_returns_422" time="0.140" /><testcase classname="backend.tests.test_contact_api.TestContactValidation" name="test_invalid_email_returns_422" time="0.155" /><testcase classname="backend.tests.test_contact_api.TestHoneypot" name="test_honeypot_silently_accepts" time="0.260" /><testcase classname="backend.tests.test_contact_api.TestRateLimit" name="test_rate_limit_429_after_3_requests" time="0.796" /></testsuite></testsuites>